\BOOKMARK [0][-]{chapter*.1}{Introduzione}{}% 1
\BOOKMARK [0][-]{chapter.1}{Internet of Threads}{}% 2
\BOOKMARK [1][-]{section.1.1}{Paradigma}{chapter.1}% 3
\BOOKMARK [1][-]{section.1.2}{Stack Famosi}{chapter.1}% 4
\BOOKMARK [2][-]{subsection.1.2.1}{LWIP}{section.1.2}% 5
\BOOKMARK [2][-]{subsection.1.2.2}{LWIPv6}{section.1.2}% 6
\BOOKMARK [2][-]{subsection.1.2.3}{PicoTCP}{section.1.2}% 7
\BOOKMARK [1][-]{section.1.3}{Altra Sezione}{chapter.1}% 8
\BOOKMARK [1][-]{section.1.4}{Altra Sezione}{chapter.1}% 9
\BOOKMARK [1][-]{section.1.5}{Altra Sezione}{chapter.1}% 10
\BOOKMARK [2][-]{subsection.1.5.1}{Listati dei programmi}{section.1.5}% 11
\BOOKMARK [0][-]{chapter.2}{VsnLib}{}% 12
\BOOKMARK [1][-]{section.2.1}{Il Progetto}{chapter.2}% 13
\BOOKMARK [1][-]{section.2.2}{Sviluppo}{chapter.2}% 14
\BOOKMARK [1][-]{section.2.3}{Moduli}{chapter.2}% 15
\BOOKMARK [2][-]{subsection.2.3.1}{Altra SottoSezione}{section.2.3}% 16
\BOOKMARK [1][-]{section.2.4}{Il Futuro}{chapter.2}% 17
\BOOKMARK [1][-]{section.2.5}{Altra Sezione}{chapter.2}% 18
\BOOKMARK [1][-]{section.2.6}{Altra Sezione}{chapter.2}% 19
\BOOKMARK [2][-]{subsection.2.6.1}{Listati dei programmi}{section.2.6}% 20
\BOOKMARK [0][-]{chapter.3}{Casi d'uso}{}% 21
\BOOKMARK [1][-]{section.3.1}{Esempi}{chapter.3}% 22
\BOOKMARK [1][-]{section.3.2}{Seconda Sezione}{chapter.3}% 23
\BOOKMARK [1][-]{section.3.3}{Altra Sezione}{chapter.3}% 24
\BOOKMARK [2][-]{subsection.3.3.1}{Altra SottoSezione}{section.3.3}% 25
\BOOKMARK [1][-]{section.3.4}{Altra Sezione}{chapter.3}% 26
\BOOKMARK [1][-]{section.3.5}{Altra Sezione}{chapter.3}% 27
\BOOKMARK [2][-]{subsection.3.5.1}{Listati dei programmi}{section.3.5}% 28
\BOOKMARK [0][-]{chapter*.11}{Conclusioni}{}% 29
\BOOKMARK [0][-]{appendix.Alph1}{Prima Appendice}{}% 30
\BOOKMARK [0][-]{appendix.Alph2}{Seconda Appendice}{}% 31
\BOOKMARK [0][-]{appendix*.12}{Bibliografia}{}% 32
