\BOOKMARK [0][-]{chapter*.1}{Introduzione}{}% 1
\BOOKMARK [0][-]{chapter.1}{Internet of Threads}{}% 2
\BOOKMARK [1][-]{section.1.1}{Definizione}{chapter.1}% 3
\BOOKMARK [1][-]{section.1.2}{Stack Implementati}{chapter.1}% 4
\BOOKMARK [2][-]{subsection.1.2.1}{PicoTCP}{section.1.2}% 5
\BOOKMARK [2][-]{subsection.1.2.2}{LWIP}{section.1.2}% 6
\BOOKMARK [2][-]{subsection.1.2.3}{LWIPv6}{section.1.2}% 7
\BOOKMARK [1][-]{section.1.3}{Netlink}{chapter.1}% 8
\BOOKMARK [2][-]{subsection.1.3.1}{Inter Process Communication\(IPC\)}{section.1.3}% 9
\BOOKMARK [2][-]{subsection.1.3.2}{Il Sistema IPC Netlink}{section.1.3}% 10
\BOOKMARK [2][-]{subsection.1.3.3}{Libnl}{section.1.3}% 11
\BOOKMARK [0][-]{chapter.2}{VSNLib}{}% 12
\BOOKMARK [1][-]{section.2.1}{Il Progetto}{chapter.2}% 13
\BOOKMARK [1][-]{section.2.2}{VSNLib}{chapter.2}% 14
\BOOKMARK [2][-]{subsection.2.2.1}{Preambolo}{section.2.2}% 15
\BOOKMARK [2][-]{subsection.2.2.2}{Ambiente di Sperimentazione}{section.2.2}% 16
\BOOKMARK [2][-]{subsection.2.2.3}{Schema}{section.2.2}% 17
\BOOKMARK [2][-]{subsection.2.2.4}{VSNLib}{section.2.2}% 18
\BOOKMARK [2][-]{subsection.2.2.5}{Moduli}{section.2.2}% 19
\BOOKMARK [0][-]{chapter.3}{Casi d'Uso}{}% 20
\BOOKMARK [1][-]{section.3.1}{Environment}{chapter.3}% 21
\BOOKMARK [1][-]{section.3.2}{Esempi}{chapter.3}% 22
\BOOKMARK [2][-]{subsection.3.2.1}{Test}{section.3.2}% 23
\BOOKMARK [2][-]{subsection.3.2.2}{Replica dell'Esperimento}{section.3.2}% 24
\BOOKMARK [0][-]{chapter*.5}{Conclusioni}{}% 25
\BOOKMARK [0][-]{chapter*.6}{Sviluppi Futuri}{}% 26
\BOOKMARK [0][-]{appendix.Alph1}{Core}{}% 27
\BOOKMARK [0][-]{appendix.Alph2}{Modules}{}% 28
\BOOKMARK [0][-]{appendix.Alph3}{Test}{}% 29
\BOOKMARK [0][-]{appendix*.7}{Bibliografia}{}% 30
